<?xml version="1.0" encoding="UTF-8"?>
<!-- Generated by org.testng.reporters.JUnitReportReporter -->
<testsuite skipped="0" hostname="LAPTOP-2FLT7BN7" name="com.autocrib.testCases.InventoryItemPageTest" tests="2" failures="0" timestamp="2022-02-10T12:21:37 PST" time="85.947" errors="0">
  <testcase name="createAnExpandableItem" time="45.739" classname="com.autocrib.testCases.InventoryItemPageTest"/>
  <system-out/>
  <testcase name="editItem" time="40.208" classname="com.autocrib.testCases.InventoryItemPageTest"/>
  <system-out>
Item edited and updated  </system-out>
</testsuite> <!-- com.autocrib.testCases.InventoryItemPageTest -->
