<?xml version="1.0" encoding="UTF-8"?>
<!-- Generated by org.testng.reporters.JUnitReportReporter -->
<testsuite skipped="0" hostname="LAPTOP-2FLT7BN7" name="com.autocrib.testCases.CribBinsPageTest" tests="1" failures="0" timestamp="04 Feb 2022 01:21:48 GMT" time="26.325" errors="0">
  <testcase name="assignExistingItemToRoboCribBin" time="26.325" classname="com.autocrib.testCases.CribBinsPageTest"/>
</testsuite> <!-- com.autocrib.testCases.CribBinsPageTest -->
