<?xml version="1.0" encoding="UTF-8"?>
<!-- Generated by org.testng.reporters.JUnitReportReporter -->
<testsuite skipped="0" hostname="LAPTOP-2FLT7BN7" name="com.autocrib.testCases.LoginPageTest" tests="1" failures="0" timestamp="2022-02-21T17:00:14 PST" time="23.198" errors="0">
  <testcase name="testLoginPage" time="23.198" classname="com.autocrib.testCases.LoginPageTest"/>
  <system-out>
clicked Reports  </system-out>
</testsuite> <!-- com.autocrib.testCases.LoginPageTest -->
