<?xml version="1.0" encoding="UTF-8"?>
<!-- Generated by org.testng.reporters.JUnitReportReporter -->
<testsuite skipped="0" hostname="LAPTOP-2FLT7BN7" name="com.autocrib.testCases.LoginPageTest" tests="1" failures="0" timestamp="2022-02-20T11:51:43 PST" time="14.149" errors="0">
  <testcase name="testLoginPage" time="14.149" classname="com.autocrib.testCases.LoginPageTest"/>
  <system-out>
User is successfully logged in and redirected to Home Page Autocrib :: AutoCrib :: Home clicked Reports  </system-out>
</testsuite> <!-- com.autocrib.testCases.LoginPageTest -->
