<?xml version="1.0" encoding="UTF-8"?>
<!-- Generated by org.testng.reporters.JUnitReportReporter -->
<testsuite skipped="0" hostname="LAPTOP-2FLT7BN7" name="com.autocrib.testCases.InventoryItemPageTest" tests="3" failures="0" timestamp="2022-02-20T11:51:43 PST" time="57.262" errors="0">
  <testcase name="deleteAnItem" time="19.682" classname="com.autocrib.testCases.InventoryItemPageTest"/>
  <system-out>
Item deleted  </system-out>
  <testcase name="editItem" time="14.186" classname="com.autocrib.testCases.InventoryItemPageTest"/>
  <system-out/>
  <testcase name="createAnExpandableItem" time="23.394" classname="com.autocrib.testCases.InventoryItemPageTest"/>
  <system-out/>
</testsuite> <!-- com.autocrib.testCases.InventoryItemPageTest -->
